<?xml version="1.0" encoding="UTF-8"?>
<!-- Generated by org.testng.reporters.JUnitReportReporter -->
<testsuite skipped="0" hostname="Hiren" name="com.nopcommerce.demo.testsuite.RegisterTest" tests="1" failures="0" timestamp="2022-12-11T19:21:46 GMT" time="4.013" errors="0">
  <testcase name="UserShouldNavigateToRegisterPageSuccessfully" time="4.013" classname="com.nopcommerce.demo.testsuite.RegisterTest"/>
  <system-out/>
</testsuite> <!-- com.nopcommerce.demo.testsuite.RegisterTest -->
